# JRE version: Java(TM) SE Runtime Environment (8.0_151-b12) (build 1.8.0_151-b12)
# Java VM: Java HotSpot(TM) 64-Bit Server VM (25.151-b12 mixed mode windows-amd64 compressed oops)
Heap:
 PSYoungGen      total 129024K, used 77223K [0x00000000f5580000, 0x0000000100000000, 0x0000000100000000)
  eden space 91136K, 44% used [0x00000000f5580000,0x00000000f7d616e0,0x00000000fae80000)
  from space 37888K, 96% used [0x00000000fae80000,0x00000000fd208678,0x00000000fd380000)
  to   space 45056K, 0% used [0x00000000fd400000,0x00000000fd400000,0x0000000100000000)
 ParOldGen       total 180736K, used 89591K [0x00000000e0000000, 0x00000000eb080000, 0x00000000f5580000)
  object space 180736K, 49% used [0x00000000e0000000,0x00000000e577de00,0x00000000eb080000)
 Metaspace       used 134137K, capacity 135372K, committed 136064K, reserved 1163264K
  class space    used 22145K, capacity 22595K, committed 22656K, reserved 1048576K
GC Heap History (10 events):
Event: 2589.149 GC heap before
{Heap before GC invocations=76 (full 16):
 PSYoungGen      total 125952K, used 308K [0x00000000f5580000, 0x00000000ffd80000, 0x0000000100000000)
  eden space 80896K, 0% used [0x00000000f5580000,0x00000000f55cd040,0x00000000fa480000)
  from space 45056K, 0% used [0x00000000fa480000,0x00000000fa480000,0x00000000fd080000)
  to   space 44032K, 0% used [0x00000000fd280000,0x00000000fd280000,0x00000000ffd80000)
 ParOldGen       total 180736K, used 81754K [0x00000000e0000000, 0x00000000eb080000, 0x00000000f5580000)
  object space 180736K, 45% used [0x00000000e0000000,0x00000000e4fd68e0,0x00000000eb080000)
 Metaspace       used 132798K, capacity 133936K, committed 135424K, reserved 1163264K
  class space    used 22012K, capacity 22412K, committed 22528K, reserved 1048576K
Event: 2589.153 GC heap after
Heap after GC invocations=76 (full 16):
 PSYoungGen      total 124928K, used 96K [0x00000000f5580000, 0x00000000ffa80000, 0x0000000100000000)
  eden space 83968K, 0% used [0x00000000f5580000,0x00000000f5580000,0x00000000fa780000)
  from space 40960K, 0% used [0x00000000fd280000,0x00000000fd298000,0x00000000ffa80000)
  to   space 42496K, 0% used [0x00000000fa780000,0x00000000fa780000,0x00000000fd100000)
 ParOldGen       total 180736K, used 81754K [0x00000000e0000000, 0x00000000eb080000, 0x00000000f5580000)
  object space 180736K, 45% used [0x00000000e0000000,0x00000000e4fd68e0,0x00000000eb080000)
 Metaspace       used 132798K, capacity 133936K, committed 135424K, reserved 1163264K
  class space    used 22012K, capacity 22412K, committed 22528K, reserved 1048576K
}
Event: 2589.153 GC heap before
{Heap before GC invocations=77 (full 17):
 PSYoungGen      total 124928K, used 96K [0x00000000f5580000, 0x00000000ffa80000, 0x0000000100000000)
  eden space 83968K, 0% used [0x00000000f5580000,0x00000000f5580000,0x00000000fa780000)
  from space 40960K, 0% used [0x00000000fd280000,0x00000000fd298000,0x00000000ffa80000)
  to   space 42496K, 0% used [0x00000000fa780000,0x00000000fa780000,0x00000000fd100000)
 ParOldGen       total 180736K, used 81754K [0x00000000e0000000, 0x00000000eb080000, 0x00000000f5580000)
  object space 180736K, 45% used [0x00000000e0000000,0x00000000e4fd68e0,0x00000000eb080000)
 Metaspace       used 132798K, capacity 133936K, committed 135424K, reserved 1163264K
  class space    used 22012K, capacity 22412K, committed 22528K, reserved 1048576K
Event: 2589.405 GC heap after
Heap after GC invocations=77 (full 17):
 PSYoungGen      total 124928K, used 0K [0x00000000f5580000, 0x00000000ffa80000, 0x0000000100000000)
  eden space 83968K, 0% used [0x00000000f5580000,0x00000000f5580000,0x00000000fa780000)
  from space 40960K, 0% used [0x00000000fd280000,0x00000000fd280000,0x00000000ffa80000)
  to   space 42496K, 0% used [0x00000000fa780000,0x00000000fa780000,0x00000000fd100000)
 ParOldGen       total 180736K, used 81283K [0x00000000e0000000, 0x00000000eb080000, 0x00000000f5580000)
  object space 180736K, 44% used [0x00000000e0000000,0x00000000e4f60c30,0x00000000eb080000)
 Metaspace       used 132798K, capacity 133936K, committed 135424K, reserved 1163264K
  class space    used 22012K, capacity 22412K, committed 22528K, reserved 1048576K
}
Event: 2590.064 GC heap before
{Heap before GC invocations=78 (full 17):
 PSYoungGen      total 124928K, used 83968K [0x00000000f5580000, 0x00000000ffa80000, 0x0000000100000000)
  eden space 83968K, 100% used [0x00000000f5580000,0x00000000fa780000,0x00000000fa780000)
  from space 40960K, 0% used [0x00000000fd280000,0x00000000fd280000,0x00000000ffa80000)
  to   space 42496K, 0% used [0x00000000fa780000,0x00000000fa780000,0x00000000fd100000)
 ParOldGen       total 180736K, used 81283K [0x00000000e0000000, 0x00000000eb080000, 0x00000000f5580000)
  object space 180736K, 44% used [0x00000000e0000000,0x00000000e4f60c30,0x00000000eb080000)
 Metaspace       used 133041K, capacity 134242K, committed 135424K, reserved 1163264K
  class space    used 22099K, capacity 22512K, committed 22528K, reserved 1048576K
Event: 2590.069 GC heap after
Heap after GC invocations=78 (full 17):
 PSYoungGen      total 126464K, used 2273K [0x00000000f5580000, 0x00000000ffe80000, 0x0000000100000000)
  eden space 83968K, 0% used [0x00000000f5580000,0x00000000f5580000,0x00000000fa780000)
  from space 42496K, 5% used [0x00000000fa780000,0x00000000fa9b8658,0x00000000fd100000)
  to   space 40960K, 0% used [0x00000000fd680000,0x00000000fd680000,0x00000000ffe80000)
 ParOldGen       total 180736K, used 81291K [0x00000000e0000000, 0x00000000eb080000, 0x00000000f5580000)
  object space 180736K, 44% used [0x00000000e0000000,0x00000000e4f62c30,0x00000000eb080000)
 Metaspace       used 133041K, capacity 134242K, committed 135424K, reserved 1163264K
  class space    used 22099K, capacity 22512K, committed 22528K, reserved 1048576K
}
Event: 2618.490 GC heap before
{Heap before GC invocations=79 (full 17):
 PSYoungGen      total 126464K, used 86241K [0x00000000f5580000, 0x00000000ffe80000, 0x0000000100000000)
  eden space 83968K, 100% used [0x00000000f5580000,0x00000000fa780000,0x00000000fa780000)
  from space 42496K, 5% used [0x00000000fa780000,0x00000000fa9b8658,0x00000000fd100000)
  to   space 40960K, 0% used [0x00000000fd680000,0x00000000fd680000,0x00000000ffe80000)
 ParOldGen       total 180736K, used 81291K [0x00000000e0000000, 0x00000000eb080000, 0x00000000f5580000)
  object space 180736K, 44% used [0x00000000e0000000,0x00000000e4f62c30,0x00000000eb080000)
 Metaspace       used 133971K, capacity 135136K, committed 135808K, reserved 1163264K
  class space    used 22134K, capacity 22555K, committed 22656K, reserved 1048576K
Event: 2618.497 GC heap after
Heap after GC invocations=79 (full 17):
 PSYoungGen      total 125952K, used 7730K [0x00000000f5580000, 0x00000000ff880000, 0x0000000100000000)
  eden space 91136K, 0% used [0x00000000f5580000,0x00000000f5580000,0x00000000fae80000)
  from space 34816K, 22% used [0x00000000fd680000,0x00000000fde0c888,0x00000000ff880000)
  to   space 37888K, 0% used [0x00000000fae80000,0x00000000fae80000,0x00000000fd380000)
 ParOldGen       total 180736K, used 82380K [0x00000000e0000000, 0x00000000eb080000, 0x00000000f5580000)
  object space 180736K, 45% used [0x00000000e0000000,0x00000000e5073268,0x00000000eb080000)
 Metaspace       used 133971K, capacity 135136K, committed 135808K, reserved 1163264K
  class space    used 22134K, capacity 22555K, committed 22656K, reserved 1048576K
}
Event: 2619.646 GC heap before
{Heap before GC invocations=80 (full 17):
 PSYoungGen      total 125952K, used 98866K [0x00000000f5580000, 0x00000000ff880000, 0x0000000100000000)
  eden space 91136K, 100% used [0x00000000f5580000,0x00000000fae80000,0x00000000fae80000)
  from space 34816K, 22% used [0x00000000fd680000,0x00000000fde0c888,0x00000000ff880000)
  to   space 37888K, 0% used [0x00000000fae80000,0x00000000fae80000,0x00000000fd380000)
 ParOldGen       total 180736K, used 82380K [0x00000000e0000000, 0x00000000eb080000, 0x00000000f5580000)
  object space 180736K, 45% used [0x00000000e0000000,0x00000000e5073268,0x00000000eb080000)
 Metaspace       used 134012K, capacity 135264K, committed 135808K, reserved 1163264K
  class space    used 22134K, capacity 22555K, committed 22656K, reserved 1048576K
Event: 2619.726 GC heap after
Heap after GC invocations=80 (full 17):
 PSYoungGen      total 129024K, used 36385K [0x00000000f5580000, 0x0000000100000000, 0x0000000100000000)
  eden space 91136K, 0% used [0x00000000f5580000,0x00000000f5580000,0x00000000fae80000)
  from space 37888K, 96% used [0x00000000fae80000,0x00000000fd208678,0x00000000fd380000)
  to   space 45056K, 0% used [0x00000000fd400000,0x00000000fd400000,0x0000000100000000)
 ParOldGen       total 180736K, used 89591K [0x00000000e0000000, 0x00000000eb080000, 0x00000000f5580000)
  object space 180736K, 49% used [0x00000000e0000000,0x00000000e577de00,0x00000000eb080000)
 Metaspace       used 134012K, capacity 135264K, committed 135808K, reserved 1163264K
  class space    used 22134K, capacity 22555K, committed 22656K, reserved 1048576K
}

